<?xml version="1.0" encoding="UTF-8"?>
<testng-results ignored="0" total="1" passed="1" failed="0" skipped="0">
  <reporter-output>
  </reporter-output>
  <suite started-at="2025-01-31T19:01:48 IST" name="Default suite" finished-at="2025-01-31T19:01:58 IST" duration-ms="10078">
    <groups>
    </groups>
    <test started-at="2025-01-31T19:01:48 IST" name="Default test" finished-at="2025-01-31T19:01:58 IST" duration-ms="10078">
      <class name="testcase.TC0001_AccountRegistertationTest">
        <test-method is-config="true" signature="setup()[pri:0, instance:testcase.TC0001_AccountRegistertationTest@34e9fd99]" started-at="2025-01-31T19:01:48 IST" name="setup" finished-at="2025-01-31T19:01:50 IST" duration-ms="2035" status="PASS">
          <reporter-output>
          </reporter-output>
        </test-method> <!-- setup -->
        <test-method signature="verify_account_registration()[pri:0, instance:testcase.TC0001_AccountRegistertationTest@34e9fd99]" started-at="2025-01-31T19:01:50 IST" name="verify_account_registration" finished-at="2025-01-31T19:01:58 IST" duration-ms="7914" status="PASS">
          <reporter-output>
          </reporter-output>
        </test-method> <!-- verify_account_registration -->
        <test-method is-config="true" signature="teardown()[pri:0, instance:testcase.TC0001_AccountRegistertationTest@34e9fd99]" started-at="2025-01-31T19:01:58 IST" name="teardown" finished-at="2025-01-31T19:01:58 IST" duration-ms="89" status="PASS">
          <reporter-output>
          </reporter-output>
        </test-method> <!-- teardown -->
      </class> <!-- testcase.TC0001_AccountRegistertationTest -->
    </test> <!-- Default test -->
  </suite> <!-- Default suite -->
</testng-results>
